[github.com/flipped-aurora/gin-vue-admin/server]2024/05/15 - 00:14:39.255	[31merror[0m	/Users/mac/Desktop/homework/gin-vue-admin/server/core/server.go:39	accept tcp [::]:18888: use of closed network connection
[github.com/flipped-aurora/gin-vue-admin/server]2024/05/15 - 00:38:13.432	[31merror[0m	/Users/mac/Desktop/homework/gin-vue-admin/server/core/server.go:39	accept tcp [::]:18888: use of closed network connection
[github.com/flipped-aurora/gin-vue-admin/server]2024/05/15 - 00:40:38.141	[31merror[0m	/Users/mac/Desktop/homework/gin-vue-admin/server/core/server.go:39	accept tcp [::]:18888: use of closed network connection
[github.com/flipped-aurora/gin-vue-admin/server]2024/05/15 - 00:41:35.614	[31merror[0m	/Users/mac/Desktop/homework/gin-vue-admin/server/core/server.go:39	accept tcp [::]:18888: use of closed network connection
[github.com/flipped-aurora/gin-vue-admin/server]2024/05/15 - 00:42:22.274	[31merror[0m	/Users/mac/Desktop/homework/gin-vue-admin/server/core/server.go:39	accept tcp [::]:18888: use of closed network connection
[github.com/flipped-aurora/gin-vue-admin/server]2024/05/15 - 00:47:59.210	[31merror[0m	/Users/mac/Desktop/homework/gin-vue-admin/server/core/server.go:39	accept tcp [::]:18888: use of closed network connection
[github.com/flipped-aurora/gin-vue-admin/server]2024/05/15 - 01:02:32.876	[31merror[0m	/Users/mac/Desktop/homework/gin-vue-admin/server/core/server.go:39	accept tcp [::]:18888: use of closed network connection
[github.com/flipped-aurora/gin-vue-admin/server]2024/05/15 - 01:26:46.012	[31merror[0m	/Users/mac/Desktop/homework/mongodb-project/server/core/server.go:23	server selection error: context deadline exceeded, current topology: { Type: Unknown, Servers: [{ Addr: 127.0.0.1:27017, Type: Unknown, Last error: connection(127.0.0.1:27017[-33]) incomplete read of message header: read tcp 127.0.0.1:64373->127.0.0.1:27017: read: connection reset by peer }, ] }
链接mongodb数据库失败!
github.com/flipped-aurora/gin-vue-admin/server/initialize.(*mongo).Initialization
	/Users/mac/Desktop/homework/mongodb-project/server/initialize/mongo.go:64
github.com/flipped-aurora/gin-vue-admin/server/core.RunWindowsServer
	/Users/mac/Desktop/homework/mongodb-project/server/core/server.go:21
main.main
	/Users/mac/Desktop/homework/mongodb-project/server/main.go:38
runtime.main
	/Users/mac/go/pkg/mod/golang.org/toolchain@v0.0.1-go1.22.2.darwin-arm64/src/runtime/proc.go:271
runtime.goexit
	/Users/mac/go/pkg/mod/golang.org/toolchain@v0.0.1-go1.22.2.darwin-arm64/src/runtime/asm_arm64.s:1222
[github.com/flipped-aurora/gin-vue-admin/server]2024/05/15 - 01:27:01.727	[31merror[0m	/Users/mac/Desktop/homework/mongodb-project/server/core/server.go:39	accept tcp [::]:18888: use of closed network connection
[github.com/flipped-aurora/gin-vue-admin/server]2024/05/15 - 01:32:03.270	[31merror[0m	/Users/mac/Desktop/homework/mongodb-project/server/core/server.go:39	net.Listen error: listen tcp :18888: bind: address already in use
[github.com/flipped-aurora/gin-vue-admin/server]2024/05/15 - 01:32:24.524	[31merror[0m	/Users/mac/Desktop/homework/mongodb-project/server/core/server.go:39	net.Listen error: listen tcp :18888: bind: address already in use
[github.com/flipped-aurora/gin-vue-admin/server]2024/05/15 - 01:34:14.441	[31merror[0m	/Users/mac/Desktop/homework/mongodb-project/server/core/server.go:39	accept tcp [::]:18888: use of closed network connection
[github.com/flipped-aurora/gin-vue-admin/server]2024/05/15 - 11:55:16.291	[31merror[0m	/Users/mac/Desktop/homework/mongodb-project/server/core/server.go:39	accept tcp [::]:18888: use of closed network connection
[github.com/flipped-aurora/gin-vue-admin/server]2024/05/15 - 12:09:45.147	[31merror[0m	/Users/mac/Desktop/homework/mongodb-project/server/core/server.go:39	accept tcp [::]:18888: use of closed network connection
[github.com/flipped-aurora/gin-vue-admin/server]2024/05/15 - 23:58:10.422	[31merror[0m	/Users/mac/Desktop/homework/mongodb-project/server/core/server.go:39	accept tcp [::]:18888: use of closed network connection
